<?xml version="1.0" encoding="UTF-8"?>
<testsuite xmlns:xsi="http://www.w3.org/2001/XMLSchema-instance" xsi:noNamespaceSchemaLocation="https://maven.apache.org/surefire/maven-surefire-plugin/xsd/surefire-test-report-3.0.xsd" version="3.0" name="de.oliver.javamm.compiler.TestExamples" time="0.289" tests="1" errors="0" skipped="0" failures="0">
  <properties>
    <property name="java.specification.version" value="17"/>
    <property name="sun.cpu.isalist" value="amd64"/>
    <property name="sun.jnu.encoding" value="Cp1252"/>
    <property name="java.class.path" value="C:\Users\Oliver\Desktop\JavaMM\Java--\target\test-classes;C:\Users\Oliver\Desktop\JavaMM\Java--\target\classes;C:\Users\Oliver\.m2\repository\junit\junit\4.13.2\junit-4.13.2.jar;C:\Users\Oliver\.m2\repository\org\hamcrest\hamcrest-core\1.3\hamcrest-core-1.3.jar;C:\Users\Oliver\.m2\repository\org\junit\jupiter\junit-jupiter\5.8.2\junit-jupiter-5.8.2.jar;C:\Users\Oliver\.m2\repository\org\junit\jupiter\junit-jupiter-api\5.8.2\junit-jupiter-api-5.8.2.jar;C:\Users\Oliver\.m2\repository\org\opentest4j\opentest4j\1.2.0\opentest4j-1.2.0.jar;C:\Users\Oliver\.m2\repository\org\junit\platform\junit-platform-commons\1.8.2\junit-platform-commons-1.8.2.jar;C:\Users\Oliver\.m2\repository\org\apiguardian\apiguardian-api\1.1.2\apiguardian-api-1.1.2.jar;C:\Users\Oliver\.m2\repository\org\junit\jupiter\junit-jupiter-params\5.8.2\junit-jupiter-params-5.8.2.jar;C:\Users\Oliver\.m2\repository\org\junit\jupiter\junit-jupiter-engine\5.8.2\junit-jupiter-engine-5.8.2.jar;C:\Users\Oliver\.m2\repository\org\junit\platform\junit-platform-engine\1.8.2\junit-platform-engine-1.8.2.jar;"/>
    <property name="java.vm.vendor" value="Oracle Corporation"/>
    <property name="sun.arch.data.model" value="64"/>
    <property name="user.variant" value=""/>
    <property name="java.vendor.url" value="https://java.oracle.com/"/>
    <property name="user.timezone" value="Europe/Berlin"/>
    <property name="os.name" value="Windows 10"/>
    <property name="java.vm.specification.version" value="17"/>
    <property name="sun.java.launcher" value="SUN_STANDARD"/>
    <property name="user.country" value="DE"/>
    <property name="sun.boot.library.path" value="C:\Users\Oliver\.jdks\openjdk-17.0.1\bin"/>
    <property name="sun.java.command" value="C:\Users\Oliver\AppData\Local\Temp\surefire6646821397883093264\surefirebooter11566606259890952012.jar C:\Users\Oliver\AppData\Local\Temp\surefire6646821397883093264 2022-03-18T09-15-13_419-jvmRun1 surefire784607414195254894tmp surefire_012004025784203590158tmp"/>
    <property name="jdk.debug" value="release"/>
    <property name="surefire.test.class.path" value="C:\Users\Oliver\Desktop\JavaMM\Java--\target\test-classes;C:\Users\Oliver\Desktop\JavaMM\Java--\target\classes;C:\Users\Oliver\.m2\repository\junit\junit\4.13.2\junit-4.13.2.jar;C:\Users\Oliver\.m2\repository\org\hamcrest\hamcrest-core\1.3\hamcrest-core-1.3.jar;C:\Users\Oliver\.m2\repository\org\junit\jupiter\junit-jupiter\5.8.2\junit-jupiter-5.8.2.jar;C:\Users\Oliver\.m2\repository\org\junit\jupiter\junit-jupiter-api\5.8.2\junit-jupiter-api-5.8.2.jar;C:\Users\Oliver\.m2\repository\org\opentest4j\opentest4j\1.2.0\opentest4j-1.2.0.jar;C:\Users\Oliver\.m2\repository\org\junit\platform\junit-platform-commons\1.8.2\junit-platform-commons-1.8.2.jar;C:\Users\Oliver\.m2\repository\org\apiguardian\apiguardian-api\1.1.2\apiguardian-api-1.1.2.jar;C:\Users\Oliver\.m2\repository\org\junit\jupiter\junit-jupiter-params\5.8.2\junit-jupiter-params-5.8.2.jar;C:\Users\Oliver\.m2\repository\org\junit\jupiter\junit-jupiter-engine\5.8.2\junit-jupiter-engine-5.8.2.jar;C:\Users\Oliver\.m2\repository\org\junit\platform\junit-platform-engine\1.8.2\junit-platform-engine-1.8.2.jar;"/>
    <property name="sun.cpu.endian" value="little"/>
    <property name="user.home" value="C:\Users\Oliver"/>
    <property name="user.language" value="de"/>
    <property name="java.specification.vendor" value="Oracle Corporation"/>
    <property name="java.version.date" value="2021-10-19"/>
    <property name="java.home" value="C:\Users\Oliver\.jdks\openjdk-17.0.1"/>
    <property name="file.separator" value="\"/>
    <property name="basedir" value="C:\Users\Oliver\Desktop\JavaMM\Java--"/>
    <property name="java.vm.compressedOopsMode" value="32-bit"/>
    <property name="line.separator" value="&#10;"/>
    <property name="java.vm.specification.vendor" value="Oracle Corporation"/>
    <property name="java.specification.name" value="Java Platform API Specification"/>
    <property name="surefire.real.class.path" value="C:\Users\Oliver\AppData\Local\Temp\surefire6646821397883093264\surefirebooter11566606259890952012.jar"/>
    <property name="user.script" value=""/>
    <property name="sun.management.compiler" value="HotSpot 64-Bit Tiered Compilers"/>
    <property name="java.runtime.version" value="17.0.1+12-39"/>
    <property name="user.name" value="Oliver"/>
    <property name="path.separator" value=";"/>
    <property name="os.version" value="10.0"/>
    <property name="java.runtime.name" value="OpenJDK Runtime Environment"/>
    <property name="file.encoding" value="Cp1252"/>
    <property name="java.vm.name" value="OpenJDK 64-Bit Server VM"/>
    <property name="localRepository" value="C:\Users\Oliver\.m2\repository"/>
    <property name="java.vendor.url.bug" value="https://bugreport.java.com/bugreport/"/>
    <property name="java.io.tmpdir" value="C:\Users\Oliver\AppData\Local\Temp\"/>
    <property name="idea.version" value="2021.1.3"/>
    <property name="java.version" value="17.0.1"/>
    <property name="user.dir" value="C:\Users\Oliver\Desktop\JavaMM\Java--"/>
    <property name="os.arch" value="amd64"/>
    <property name="java.vm.specification.name" value="Java Virtual Machine Specification"/>
    <property name="sun.os.patch.level" value=""/>
    <property name="native.encoding" value="Cp1252"/>
    <property name="java.library.path" value="C:\Users\Oliver\.jdks\openjdk-17.0.1\bin;C:\Windows\Sun\Java\bin;C:\Windows\system32;C:\Windows;C:\Program Files\Common Files\Oracle\Java\javapath;C:\WINDOWS\system32;C:\WINDOWS;C:\WINDOWS\System32\Wbem;C:\WINDOWS\System32\WindowsPowerShell\v1.0\;C:\WINDOWS\System32\OpenSSH\;C:\Program Files\dotnet\;D:\Programme\Git\cmd;C:\Program Files\MariaDB\MariaDB Connector C 64-bit\lib\;C:\Program Files\MariaDB\MariaDB Connector C 64-bit\lib\plugin\;C:\Program Files (x86)\MariaDB\MariaDB Connector C\lib\;C:\Program Files (x86)\MariaDB\MariaDB Connector C\lib\plugin\;C:\Users\Oliver\AppData\Local\Microsoft\WindowsApps;C:\Users\Oliver\.dotnet\tools;C:\Users\Oliver\AppData\Local\Programs\Microsoft VS Code\bin;."/>
    <property name="java.vm.info" value="mixed mode, sharing"/>
    <property name="java.vendor" value="Oracle Corporation"/>
    <property name="java.vm.version" value="17.0.1+12-39"/>
    <property name="sun.io.unicode.encoding" value="UnicodeLittle"/>
    <property name="java.class.version" value="61.0"/>
  </properties>
  <testcase name="test" classname="de.oliver.javamm.compiler.TestExamples" time="0.259">
    <system-out><![CDATA[[2022-3-18 9:15:15] [Compiler] [INFO]: Reading src took 10ms
[2022-3-18 9:15:15] [Compiler] [INFO]: Tokenizing took 16ms
----- 3 -----
[3:1]: println : IDENTIFIER
[3:9]: ( : OPEN_PARENTHESIS
[3:24]: "Hello World!" : LITERAL_STRING
[3:26]: ) : CLOSE_PARENTHESIS
----- 10 -----
[10:1]: def : DEF
[10:5]: void : VOID
[10:10]: v : IDENTIFIER
[10:12]: ( : OPEN_PARENTHESIS
[10:14]: int : TYPE_INTEGER
[10:18]: x : IDENTIFIER
[10:20]: , : COMMA
[10:22]: int : TYPE_INTEGER
[10:26]: y : IDENTIFIER
[10:28]: ) : CLOSE_PARENTHESIS
[10:30]: { : OPEN_BRACES
----- 11 -----
[11:1]: println : IDENTIFIER
[11:9]: ( : OPEN_PARENTHESIS
[11:11]: x : IDENTIFIER
[11:13]: ) : CLOSE_PARENTHESIS
----- 12 -----
[12:1]: } : CLOSE_BRACES
[2022-3-18 9:15:15] [Compiler] [INFO]: Parsing took 100ms
[2022-3-18 9:15:15] [Compiler] [INFO]: Generating simulation took 142ms

[2022-3-18 9:15:15] [Program] [INFO]: Running program now
Hello World!
[2022-3-18 9:15:15] [Program] [INFO]: Finished program now
[2022-3-18 9:15:15] [Compiler] [INFO]: Reading src took 0ms
[2022-3-18 9:15:15] [Compiler] [INFO]: Tokenizing took 0ms
----- 3 -----
[3:1]: int : TYPE_INTEGER
[3:5]: a : IDENTIFIER
[3:7]: = : EQUALS
[3:9]: 42 : LITERAL_INTEGER
----- 19 -----
[19:1]: a : IDENTIFIER
[19:3]: ++ : PLUS_PLUS
----- 20 -----
[20:1]: a : IDENTIFIER
[20:3]: -- : MINUS_MINUS
----- 7 -----
[7:1]: a : IDENTIFIER
[7:3]: = : EQUALS
[7:5]: 50 : LITERAL_INTEGER
KeyValue{key=Word[line=3, column=9, value=42], value=LITERAL_INTEGER}
KeyValue{key=Word[line=7, column=5, value=50], value=LITERAL_INTEGER}
[2022-3-18 9:15:15] [Compiler] [INFO]: Parsing took 32ms
[2022-3-18 9:15:15] [Compiler] [INFO]: Generating simulation took 32ms

[2022-3-18 9:15:15] [Program] [INFO]: Running program now
[2022-3-18 9:15:15] [Program] [INFO]: Finished program now
]]></system-out>
  </testcase>
</testsuite>